0 info it worked if it ends with ok
1 verbose cli [ '/Users/jparsons/.nvm/v0.10.35/bin/node',
1 verbose cli   '/Users/jparsons/.nvm/v0.10.35/bin/npm',
1 verbose cli   'publish' ]
2 info using npm@1.4.28
3 info using node@v0.10.35
4 verbose publish [ '.' ]
5 verbose cache add [ '.', null ]
6 verbose cache add name=undefined spec="." args=[".",null]
7 verbose parsed url { protocol: null,
7 verbose parsed url   slashes: null,
7 verbose parsed url   auth: null,
7 verbose parsed url   host: null,
7 verbose parsed url   port: null,
7 verbose parsed url   hostname: null,
7 verbose parsed url   hash: null,
7 verbose parsed url   search: null,
7 verbose parsed url   query: null,
7 verbose parsed url   pathname: '.',
7 verbose parsed url   path: '.',
7 verbose parsed url   href: '.' }
8 silly lockFile 3a52ce78- .
9 verbose lock . /Users/jparsons/.npm/3a52ce78-.lock
10 verbose tar pack [ '/Users/jparsons/.npm/scribe-test-harness/0.0.17/package.tgz',
10 verbose tar pack   '.' ]
11 verbose tarball /Users/jparsons/.npm/scribe-test-harness/0.0.17/package.tgz
12 verbose folder .
13 info prepublish scribe-test-harness@0.0.17
14 silly lockFile 1f1177db-tar tar://.
15 verbose lock tar://. /Users/jparsons/.npm/1f1177db-tar.lock
16 silly lockFile 11e8918f--test-harness-0-0-17-package-tgz tar:///Users/jparsons/.npm/scribe-test-harness/0.0.17/package.tgz
17 verbose lock tar:///Users/jparsons/.npm/scribe-test-harness/0.0.17/package.tgz /Users/jparsons/.npm/11e8918f--test-harness-0-0-17-package-tgz.lock
18 silly lockFile 1f1177db-tar tar://.
19 silly lockFile 1f1177db-tar tar://.
20 silly lockFile 11e8918f--test-harness-0-0-17-package-tgz tar:///Users/jparsons/.npm/scribe-test-harness/0.0.17/package.tgz
21 silly lockFile 11e8918f--test-harness-0-0-17-package-tgz tar:///Users/jparsons/.npm/scribe-test-harness/0.0.17/package.tgz
22 silly lockFile eca5e6b6-ribe-test-harness-0-0-17-package /Users/jparsons/.npm/scribe-test-harness/0.0.17/package
23 verbose lock /Users/jparsons/.npm/scribe-test-harness/0.0.17/package /Users/jparsons/.npm/eca5e6b6-ribe-test-harness-0-0-17-package.lock
24 silly lockFile eca5e6b6-ribe-test-harness-0-0-17-package /Users/jparsons/.npm/scribe-test-harness/0.0.17/package
25 silly lockFile eca5e6b6-ribe-test-harness-0-0-17-package /Users/jparsons/.npm/scribe-test-harness/0.0.17/package
26 silly lockFile 3a52ce78- .
27 silly lockFile 3a52ce78- .
28 silly publish { name: 'scribe-test-harness',
28 silly publish   version: '0.0.17',
28 silly publish   dependencies:
28 silly publish    { execsync: '0.0.6',
28 silly publish      'http-server': '^0.7.3',
28 silly publish      'lodash-node': '~2.4.1',
28 silly publish      mkdirp: '^0.5.0',
28 silly publish      mocha: '~1.18.2',
28 silly publish      q: '~1.0.0',
28 silly publish      request: '~2.33.0',
28 silly publish      'selenium-webdriver': '~2.41.0',
28 silly publish      'webdriver-manager': '^1.0.1' },
28 silly publish   peerDependencies: { chai: '~1.9.1' },
28 silly publish   scripts: { postinstall: './bin/postinstall.sh' },
28 silly publish   gitHead: '48a811d651e14962bf1fea6e87885d4e68cd27ff',
28 silly publish   readme: 'ERROR: No README data found!',
28 silly publish   _id: 'scribe-test-harness@0.0.17',
28 silly publish   _shasum: 'd6e059891d40c197fec9dd89048fa750fefbbe84',
28 silly publish   _from: '.' }
29 verbose request where is /scribe-test-harness
30 verbose request registry https://registry.npmjs.org/
31 verbose request id 9da5ef2f7cd12294
32 verbose url raw /scribe-test-harness
33 verbose url resolving [ 'https://registry.npmjs.org/', './scribe-test-harness' ]
34 verbose url resolved https://registry.npmjs.org/scribe-test-harness
35 verbose request where is https://registry.npmjs.org/scribe-test-harness
36 info trying registry request attempt 1 at 09:41:30
37 http PUT https://registry.npmjs.org/scribe-test-harness
38 http 403 https://registry.npmjs.org/scribe-test-harness
39 verbose headers { date: 'Thu, 12 Mar 2015 09:37:36 GMT',
39 verbose headers   server: 'CouchDB/1.5.0 (Erlang OTP/R16B03)',
39 verbose headers   'content-type': 'application/json',
39 verbose headers   'cache-control': 'max-age=60',
39 verbose headers   'content-length': '2169',
39 verbose headers   'accept-ranges': 'bytes',
39 verbose headers   via: '1.1 varnish',
39 verbose headers   'x-served-by': 'cache-lhr6320-LHR',
39 verbose headers   'x-cache': 'MISS',
39 verbose headers   'x-cache-hits': '0',
39 verbose headers   'x-timer': 'S1426153055.567881,VS0,VE635',
39 verbose headers   'keep-alive': 'timeout=10, max=50',
39 verbose headers   connection: 'Keep-Alive' }
40 error publish Failed PUT 403
41 error Error: forbidden cannot modify pre-existing version: 0.0.17
41 error old={"name":"scribe-test-harness","version":"0.0.17","dependencies":{"lodash-node":"~2.4.1","mocha":"~1.18.2","q":"~1.0.0","request":"~2.33.0","selenium-webdriver":"~2.41.0","http-server":"^0.7.3","webdriver-manager":"^1.0.1"},"peerDependencies":{"chai":"~1.9.1"},"scripts":{"postinstall":"./bin/postinstall.sh"},"gitHead":"8949fc728a0775dd7d18ce4266a21279e0b4704d","_id":"scribe-test-harness@0.0.17","_shasum":"d7ea088581068dac784bff3830e9c7a2a4c20dce","_from":".","_npmVersion":"1.4.14","_npmUser":{"name":"scribe-dev","email":"scribe-dev@theguardian.com"},"maintainers":[{"name":"oliverjash","email":"oliverjash@icloud.com"},{"name":"hmgibson23","email":"hugo.gibson@yahoo.co.uk"},{"name":"theefer","email":"seb@cine7.net"},{"name":"rrees","email":"rees.npm@mailinator.com"},{"name":"scribe-dev","email":"scribe-dev@theguardian.com"}],"dist":{"shasum":"d7ea088581068dac784bff3830e9c7a2a4c20dce","tarball":"http://registry.npmjs.org/scribe-test-harness/-/scribe-test-harness-0.0.17.tgz"}}
41 error new={"name":"scribe-test-harness","version":"0.0.17","dependencies":{"execsync":"0.0.6","http-server":"^0.7.3","lodash-node":"~2.4.1","mkdirp":"^0.5.0","mocha":"~1.18.2","q":"~1.0.0","request":"~2.33.0","selenium-webdriver":"~2.41.0","webdriver-manager":"^1.0.1"},"peerDependencies":{"chai":"~1.9.1"},"scripts":{"postinstall":"./bin/postinstall.sh"},"gitHead":"48a811d651e14962bf1fea6e87885d4e68cd27ff","readme":"ERROR: No README data found!","_id":"scribe-test-harness@0.0.17","_shasum":"d6e059891d40c197fec9dd89048fa750fefbbe84","_from":".","_npmVersion":"1.4.28","_npmUser":{"name":"cutandpastey","email":"jon@ctrlxctrlv.co.uk"},"maintainers":[{"name":"cutandpastey","email":"jon@ctrlxctrlv.co.uk"}],"dist":{"shasum":"d6e059891d40c197fec9dd89048fa750fefbbe84","tarball":"http://registry.npmjs.org/scribe-test-harness/-/scribe-test-harness-0.0.17.tgz"}}: scribe-test-harness
41 error     at RegClient.<anonymous> (/Users/jparsons/.nvm/v0.10.35/lib/node_modules/npm/node_modules/npm-registry-client/lib/request.js:308:14)
41 error     at Request._callback (/Users/jparsons/.nvm/v0.10.35/lib/node_modules/npm/node_modules/npm-registry-client/lib/request.js:246:65)
41 error     at Request.self.callback (/Users/jparsons/.nvm/v0.10.35/lib/node_modules/npm/node_modules/request/request.js:236:22)
41 error     at Request.emit (events.js:98:17)
41 error     at Request.<anonymous> (/Users/jparsons/.nvm/v0.10.35/lib/node_modules/npm/node_modules/request/request.js:1142:14)
41 error     at Request.emit (events.js:117:20)
41 error     at IncomingMessage.<anonymous> (/Users/jparsons/.nvm/v0.10.35/lib/node_modules/npm/node_modules/request/request.js:1096:12)
41 error     at IncomingMessage.emit (events.js:117:20)
41 error     at _stream_readable.js:944:16
41 error     at process._tickCallback (node.js:442:13)
42 error If you need help, you may report this *entire* log,
42 error including the npm and node versions, at:
42 error     <http://github.com/npm/npm/issues>
43 error System Darwin 13.4.0
44 error command "/Users/jparsons/.nvm/v0.10.35/bin/node" "/Users/jparsons/.nvm/v0.10.35/bin/npm" "publish"
45 error cwd /web/scribe-test-harness
46 error node -v v0.10.35
47 error npm -v 1.4.28
48 verbose exit [ 1, true ]
